  Tournament.cpp
c:\users\b7064124\projects\csc5801\project1\project1\ifnode.h(27): error C3646: 'lhe': unknown override specifier
c:\users\b7064124\projects\csc5801\project1\project1\ifnode.h(27): error C4430: missing type specifier - int assumed. Note: C++ does not support default-int
c:\users\b7064124\projects\csc5801\project1\project1\ifnode.h(28): error C3646: 'rhe': unknown override specifier
c:\users\b7064124\projects\csc5801\project1\project1\ifnode.h(28): error C4430: missing type specifier - int assumed. Note: C++ does not support default-int
c:\users\b7064124\projects\csc5801\project1\project1\ifnode.h(29): error C3646: 'goto_pstn': unknown override specifier
c:\users\b7064124\projects\csc5801\project1\project1\ifnode.h(29): error C4430: missing type specifier - int assumed. Note: C++ does not support default-int
c:\users\b7064124\projects\csc5801\project1\project1\tournament.cpp(82): error C2374: 'ofile': redefinition; multiple initialization
  c:\users\b7064124\projects\csc5801\project1\project1\tournament.cpp(66): note: see declaration of 'ofile'
  Prisoner.cpp
c:\users\b7064124\projects\csc5801\project1\project1\ifnode.h(27): error C3646: 'lhe': unknown override specifier
c:\users\b7064124\projects\csc5801\project1\project1\ifnode.h(27): error C4430: missing type specifier - int assumed. Note: C++ does not support default-int
c:\users\b7064124\projects\csc5801\project1\project1\ifnode.h(28): error C3646: 'rhe': unknown override specifier
c:\users\b7064124\projects\csc5801\project1\project1\ifnode.h(28): error C4430: missing type specifier - int assumed. Note: C++ does not support default-int
c:\users\b7064124\projects\csc5801\project1\project1\ifnode.h(29): error C3646: 'goto_pstn': unknown override specifier
c:\users\b7064124\projects\csc5801\project1\project1\ifnode.h(29): error C4430: missing type specifier - int assumed. Note: C++ does not support default-int
c:\users\b7064124\projects\csc5801\project1\project1\prisoner.cpp(75): warning C4018: '<': signed/unsigned mismatch
c:\users\b7064124\projects\csc5801\project1\project1\prisoner.cpp(109): warning C4018: '>=': signed/unsigned mismatch
  IfNode.cpp
c:\users\b7064124\projects\csc5801\project1\project1\ifnode.h(27): error C3646: 'lhe': unknown override specifier
c:\users\b7064124\projects\csc5801\project1\project1\ifnode.h(27): error C4430: missing type specifier - int assumed. Note: C++ does not support default-int
c:\users\b7064124\projects\csc5801\project1\project1\ifnode.h(28): error C3646: 'rhe': unknown override specifier
c:\users\b7064124\projects\csc5801\project1\project1\ifnode.h(28): error C4430: missing type specifier - int assumed. Note: C++ does not support default-int
c:\users\b7064124\projects\csc5801\project1\project1\ifnode.h(29): error C3646: 'goto_pstn': unknown override specifier
c:\users\b7064124\projects\csc5801\project1\project1\ifnode.h(29): error C4430: missing type specifier - int assumed. Note: C++ does not support default-int
c:\users\b7064124\projects\csc5801\project1\project1\ifnode.cpp(21): error C2065: 'lhe': undeclared identifier
c:\users\b7064124\projects\csc5801\project1\project1\ifnode.cpp(21): error C2228: left of '.getValue' must have class/struct/union
  c:\users\b7064124\projects\csc5801\project1\project1\ifnode.cpp(21): note: type is 'unknown-type'
c:\users\b7064124\projects\csc5801\project1\project1\ifnode.cpp(21): error C2065: 'rhe': undeclared identifier
c:\users\b7064124\projects\csc5801\project1\project1\ifnode.cpp(29): error C2065: 'lhe': undeclared identifier
c:\users\b7064124\projects\csc5801\project1\project1\ifnode.cpp(29): error C2228: left of '.getValue' must have class/struct/union
  c:\users\b7064124\projects\csc5801\project1\project1\ifnode.cpp(29): note: type is 'unknown-type'
c:\users\b7064124\projects\csc5801\project1\project1\ifnode.cpp(29): error C2065: 'rhe': undeclared identifier
c:\users\b7064124\projects\csc5801\project1\project1\ifnode.cpp(37): error C2065: 'lhe': undeclared identifier
c:\users\b7064124\projects\csc5801\project1\project1\ifnode.cpp(37): error C2228: left of '.getValue' must have class/struct/union
  c:\users\b7064124\projects\csc5801\project1\project1\ifnode.cpp(37): note: type is 'unknown-type'
c:\users\b7064124\projects\csc5801\project1\project1\ifnode.cpp(37): error C2065: 'rhe': undeclared identifier
  Game.cpp
c:\users\b7064124\projects\csc5801\project1\project1\ifnode.h(27): error C3646: 'lhe': unknown override specifier
c:\users\b7064124\projects\csc5801\project1\project1\ifnode.h(27): error C4430: missing type specifier - int assumed. Note: C++ does not support default-int
c:\users\b7064124\projects\csc5801\project1\project1\ifnode.h(28): error C3646: 'rhe': unknown override specifier
c:\users\b7064124\projects\csc5801\project1\project1\ifnode.h(28): error C4430: missing type specifier - int assumed. Note: C++ does not support default-int
c:\users\b7064124\projects\csc5801\project1\project1\ifnode.h(29): error C3646: 'goto_pstn': unknown override specifier
c:\users\b7064124\projects\csc5801\project1\project1\ifnode.h(29): error C4430: missing type specifier - int assumed. Note: C++ does not support default-int
  Expression.cpp
c:\users\b7064124\projects\csc5801\project1\project1\ifnode.h(27): error C3646: 'lhe': unknown override specifier
c:\users\b7064124\projects\csc5801\project1\project1\ifnode.h(27): error C4430: missing type specifier - int assumed. Note: C++ does not support default-int
c:\users\b7064124\projects\csc5801\project1\project1\ifnode.h(28): error C3646: 'rhe': unknown override specifier
c:\users\b7064124\projects\csc5801\project1\project1\ifnode.h(28): error C4430: missing type specifier - int assumed. Note: C++ does not support default-int
c:\users\b7064124\projects\csc5801\project1\project1\ifnode.h(29): error C3646: 'goto_pstn': unknown override specifier
c:\users\b7064124\projects\csc5801\project1\project1\ifnode.h(29): error C4430: missing type specifier - int assumed. Note: C++ does not support default-int
  CW1.cpp
c:\users\b7064124\projects\csc5801\project1\project1\ifnode.h(27): error C3646: 'lhe': unknown override specifier
c:\users\b7064124\projects\csc5801\project1\project1\ifnode.h(27): error C4430: missing type specifier - int assumed. Note: C++ does not support default-int
c:\users\b7064124\projects\csc5801\project1\project1\ifnode.h(28): error C3646: 'rhe': unknown override specifier
c:\users\b7064124\projects\csc5801\project1\project1\ifnode.h(28): error C4430: missing type specifier - int assumed. Note: C++ does not support default-int
c:\users\b7064124\projects\csc5801\project1\project1\ifnode.h(29): error C3646: 'goto_pstn': unknown override specifier
c:\users\b7064124\projects\csc5801\project1\project1\ifnode.h(29): error C4430: missing type specifier - int assumed. Note: C++ does not support default-int
c:\users\b7064124\projects\csc5801\project1\project1\cw1.cpp(187): warning C4018: '<': signed/unsigned mismatch
  Generating Code...
