c:\users\b7064124\projects\csc5801\project1\project2\debug\vc141.pdb
c:\users\b7064124\projects\csc5801\project1\project2\debug\vc141.idb
c:\users\b7064124\projects\csc5801\project1\project2\debug\cw2.obj
c:\users\b7064124\projects\csc5801\project1\project2\debug\expression.obj
c:\users\b7064124\projects\csc5801\project1\project2\debug\game.obj
c:\users\b7064124\projects\csc5801\project1\project2\debug\gang.obj
c:\users\b7064124\projects\csc5801\project1\project2\debug\ifnode.obj
c:\users\b7064124\projects\csc5801\project1\project2\debug\leader.obj
c:\users\b7064124\projects\csc5801\project1\project2\debug\prisoner.obj
c:\users\b7064124\projects\csc5801\project1\project2\debug\thread.obj
c:\users\b7064124\projects\csc5801\project1\project2\debug\tournament.obj
c:\users\b7064124\projects\csc5801\project1\debug\cw2.ilk
c:\users\b7064124\projects\csc5801\project1\debug\cw2.exe
c:\users\b7064124\projects\csc5801\project1\debug\cw2.pdb
c:\users\b7064124\projects\csc5801\project1\project2\debug\cw2.tlog\cl.command.1.tlog
c:\users\b7064124\projects\csc5801\project1\project2\debug\cw2.tlog\cl.read.1.tlog
c:\users\b7064124\projects\csc5801\project1\project2\debug\cw2.tlog\cl.write.1.tlog
c:\users\b7064124\projects\csc5801\project1\project2\debug\cw2.tlog\link.command.1.tlog
c:\users\b7064124\projects\csc5801\project1\project2\debug\cw2.tlog\link.read.1.tlog
c:\users\b7064124\projects\csc5801\project1\project2\debug\cw2.tlog\link.write.1.tlog
